
2023-09-27 02:23:57,743 - INFO - ####
2023-09-27 02:23:57,743 - INFO - ####
2023-09-27 02:23:57,743 - INFO - ######################################### COMIENZO DE EJECUCION #######################################################
2023-09-27 02:23:57,743 - INFO - ----FUNCION PRINCIPAL
2023-09-27 02:23:57,743 - INFO - ----FUNCION PNI
2023-09-27 02:23:57,743 - DEBUG - ----NO TERMINAL EN PNI
2023-09-27 02:23:57,743 - DEBUG - Program
2023-09-27 02:23:57,743 - DEBUG - ----CARACTER ACTUAL
2023-09-27 02:23:57,744 - DEBUG - MOSTRAR
2023-09-27 02:23:57,744 - DEBUG - el caracter actual ESTA en los SD del no terminal
2023-09-27 02:23:57,748 - INFO - ----FUNCION PROCESAR
2023-09-27 02:23:57,748 - DEBUG - ----CUERPO DE PRODUCCION EN PROCESAR
2023-09-27 02:23:57,748 - DEBUG - ['ListaSentencias']
2023-09-27 02:23:57,748 - DEBUG - MOSTRAR
2023-09-27 02:23:57,748 - DEBUG - ---- SIMBOLO EN VN
2023-09-27 02:23:57,748 - DEBUG - ListaSentencias
2023-09-27 02:23:57,748 - DEBUG - mando simbolo a pni()
2023-09-27 02:23:57,748 - INFO - ----FUNCION PNI
2023-09-27 02:23:57,749 - DEBUG - ----NO TERMINAL EN PNI
2023-09-27 02:23:57,749 - DEBUG - ListaSentencias
2023-09-27 02:23:57,749 - DEBUG - ----CARACTER ACTUAL
2023-09-27 02:23:57,749 - DEBUG - MOSTRAR
2023-09-27 02:23:57,749 - DEBUG - el caracter actual ESTA en los SD del no terminal
2023-09-27 02:23:57,751 - INFO - ----FUNCION PROCESAR
2023-09-27 02:23:57,751 - DEBUG - ----CUERPO DE PRODUCCION EN PROCESAR
2023-09-27 02:23:57,751 - DEBUG - ['Sentencia', 'ListaSentencias2']
2023-09-27 02:23:57,751 - DEBUG - MOSTRAR
2023-09-27 02:23:57,751 - DEBUG - ---- SIMBOLO EN VN
2023-09-27 02:23:57,751 - DEBUG - Sentencia
2023-09-27 02:23:57,751 - DEBUG - mando simbolo a pni()
2023-09-27 02:23:57,751 - INFO - ----FUNCION PNI
2023-09-27 02:23:57,751 - DEBUG - ----NO TERMINAL EN PNI
2023-09-27 02:23:57,751 - DEBUG - Sentencia
2023-09-27 02:23:57,751 - DEBUG - ----CARACTER ACTUAL
2023-09-27 02:23:57,751 - DEBUG - MOSTRAR
2023-09-27 02:23:57,751 - DEBUG - el caracter actual ESTA en los SD del no terminal
2023-09-27 02:23:57,753 - INFO - ----FUNCION PROCESAR
2023-09-27 02:23:57,753 - DEBUG - ----CUERPO DE PRODUCCION EN PROCESAR
2023-09-27 02:23:57,753 - DEBUG - ['SentenciaMostrar']
2023-09-27 02:23:57,753 - DEBUG - MOSTRAR
2023-09-27 02:23:57,753 - DEBUG - ---- SIMBOLO EN VN
2023-09-27 02:23:57,753 - DEBUG - SentenciaMostrar
2023-09-27 02:23:57,753 - DEBUG - mando simbolo a pni()
2023-09-27 02:23:57,753 - INFO - ----FUNCION PNI
2023-09-27 02:23:57,753 - DEBUG - ----NO TERMINAL EN PNI
2023-09-27 02:23:57,753 - DEBUG - SentenciaMostrar
2023-09-27 02:23:57,753 - DEBUG - ----CARACTER ACTUAL
2023-09-27 02:23:57,753 - DEBUG - MOSTRAR
2023-09-27 02:23:57,753 - DEBUG - el caracter actual ESTA en los SD del no terminal
2023-09-27 02:23:57,755 - INFO - ----FUNCION PROCESAR
2023-09-27 02:23:57,755 - DEBUG - ----CUERPO DE PRODUCCION EN PROCESAR
2023-09-27 02:23:57,755 - DEBUG - ['MOSTRAR', 'Expresion']
2023-09-27 02:23:57,755 - DEBUG - MOSTRAR
2023-09-27 02:23:57,755 - DEBUG - ---- SIMBOLO EN VT
2023-09-27 02:23:57,755 - DEBUG - MOSTRAR
2023-09-27 02:23:57,755 - DEBUG - ---- SIMBOLO == CARACTER ACTUAL
2023-09-27 02:23:57,755 - DEBUG - MOSTRAR
2023-09-27 02:23:57,756 - INFO - El puntero avanzo
2023-09-27 02:23:57,756 - DEBUG - ID
2023-09-27 02:23:57,756 - DEBUG - ---- SIMBOLO EN VN
2023-09-27 02:23:57,756 - DEBUG - Expresion
2023-09-27 02:23:57,756 - DEBUG - mando simbolo a pni()
2023-09-27 02:23:57,756 - INFO - ----FUNCION PNI
2023-09-27 02:23:57,756 - DEBUG - ----NO TERMINAL EN PNI
2023-09-27 02:23:57,756 - DEBUG - Expresion
2023-09-27 02:23:57,756 - DEBUG - ----CARACTER ACTUAL
2023-09-27 02:23:57,756 - DEBUG - ID
2023-09-27 02:23:57,756 - DEBUG - el caracter actual ESTA en los SD del no terminal
2023-09-27 02:23:57,759 - INFO - ----FUNCION PROCESAR
2023-09-27 02:23:57,759 - DEBUG - ----CUERPO DE PRODUCCION EN PROCESAR
2023-09-27 02:23:57,759 - DEBUG - ['Expresion2', 'ExpresionPrima']
2023-09-27 02:23:57,759 - DEBUG - ID
2023-09-27 02:23:57,759 - DEBUG - ---- SIMBOLO EN VN
2023-09-27 02:23:57,759 - DEBUG - Expresion2
2023-09-27 02:23:57,759 - DEBUG - mando simbolo a pni()
2023-09-27 02:23:57,759 - INFO - ----FUNCION PNI
2023-09-27 02:23:57,759 - DEBUG - ----NO TERMINAL EN PNI
2023-09-27 02:23:57,759 - DEBUG - Expresion2
2023-09-27 02:23:57,759 - DEBUG - ----CARACTER ACTUAL
2023-09-27 02:23:57,759 - DEBUG - ID
2023-09-27 02:23:57,759 - DEBUG - el caracter actual ESTA en los SD del no terminal
2023-09-27 02:23:57,762 - INFO - ----FUNCION PROCESAR
2023-09-27 02:23:57,762 - DEBUG - ----CUERPO DE PRODUCCION EN PROCESAR
2023-09-27 02:23:57,762 - DEBUG - ['Termino', 'Expresion22']
2023-09-27 02:23:57,762 - DEBUG - ID
2023-09-27 02:23:57,762 - DEBUG - ---- SIMBOLO EN VN
2023-09-27 02:23:57,762 - DEBUG - Termino
2023-09-27 02:23:57,762 - DEBUG - mando simbolo a pni()
2023-09-27 02:23:57,762 - INFO - ----FUNCION PNI
2023-09-27 02:23:57,762 - DEBUG - ----NO TERMINAL EN PNI
2023-09-27 02:23:57,762 - DEBUG - Termino
2023-09-27 02:23:57,763 - DEBUG - ----CARACTER ACTUAL
2023-09-27 02:23:57,763 - DEBUG - ID
2023-09-27 02:23:57,763 - DEBUG - el caracter actual ESTA en los SD del no terminal
2023-09-27 02:23:57,765 - INFO - ----FUNCION PROCESAR
2023-09-27 02:23:57,765 - DEBUG - ----CUERPO DE PRODUCCION EN PROCESAR
2023-09-27 02:23:57,766 - DEBUG - ['Factor', 'Termino2']
2023-09-27 02:23:57,766 - DEBUG - ID
2023-09-27 02:23:57,766 - DEBUG - ---- SIMBOLO EN VN
2023-09-27 02:23:57,766 - DEBUG - Factor
2023-09-27 02:23:57,766 - DEBUG - mando simbolo a pni()
2023-09-27 02:23:57,766 - INFO - ----FUNCION PNI
2023-09-27 02:23:57,766 - DEBUG - ----NO TERMINAL EN PNI
2023-09-27 02:23:57,766 - DEBUG - Factor
2023-09-27 02:23:57,766 - DEBUG - ----CARACTER ACTUAL
2023-09-27 02:23:57,766 - DEBUG - ID
2023-09-27 02:23:57,766 - DEBUG - el caracter actual ESTA en los SD del no terminal
2023-09-27 02:23:57,768 - INFO - ----FUNCION PROCESAR
2023-09-27 02:23:57,768 - DEBUG - ----CUERPO DE PRODUCCION EN PROCESAR
2023-09-27 02:23:57,768 - DEBUG - ['ID']
2023-09-27 02:23:57,768 - DEBUG - ID
2023-09-27 02:23:57,768 - DEBUG - ---- SIMBOLO EN VT
2023-09-27 02:23:57,768 - DEBUG - ID
2023-09-27 02:23:57,768 - DEBUG - ---- SIMBOLO == CARACTER ACTUAL
2023-09-27 02:23:57,768 - DEBUG - ID
2023-09-27 02:23:57,768 - INFO - El puntero avanzo
2023-09-27 02:23:57,768 - DEBUG - OPSUM
2023-09-27 02:23:57,768 - DEBUG - ---- SIMBOLO EN VN
2023-09-27 02:23:57,768 - DEBUG - Termino2
2023-09-27 02:23:57,769 - DEBUG - mando simbolo a pni()
2023-09-27 02:23:57,769 - INFO - ----FUNCION PNI
2023-09-27 02:23:57,769 - DEBUG - ----NO TERMINAL EN PNI
2023-09-27 02:23:57,769 - DEBUG - Termino2
2023-09-27 02:23:57,769 - DEBUG - ----CARACTER ACTUAL
2023-09-27 02:23:57,769 - DEBUG - OPSUM
2023-09-27 02:23:57,769 - DEBUG - el caracter actual ESTA en los SD del no terminal
2023-09-27 02:23:57,772 - INFO - ----FUNCION PROCESAR
2023-09-27 02:23:57,772 - DEBUG - ----CUERPO DE PRODUCCION EN PROCESAR
2023-09-27 02:23:57,772 - DEBUG - []
2023-09-27 02:23:57,772 - DEBUG - OPSUM
2023-09-27 02:23:57,772 - DEBUG - OPSUM
2023-09-27 02:23:57,772 - DEBUG - OPSUM
2023-09-27 02:23:57,772 - DEBUG - ---- SIMBOLO EN VN
2023-09-27 02:23:57,772 - DEBUG - ListaSentencias2
2023-09-27 02:23:57,772 - DEBUG - mando simbolo a pni()
2023-09-27 02:23:57,772 - INFO - ----FUNCION PNI
2023-09-27 02:23:57,772 - DEBUG - ----NO TERMINAL EN PNI
2023-09-27 02:23:57,772 - DEBUG - ListaSentencias2
2023-09-27 02:23:57,772 - DEBUG - el caracter actual  NO -- ESTA en los SD del no terminal
2023-09-27 02:23:57,772 - DEBUG - OPSUM
2023-09-27 02:23:57,772 - ERROR - Error en pni: No se encontro OPSUM en ListaSentencias2
2023-09-27 02:23:57,773 - ERROR - La cadena no pertenece al lenguaje
2023-09-27 02:23:57,773 - INFO - ######################################### NO - PERTENECE #######################################################
